2018-10-13 21:32:59,951:INFO:discord.client: on_ready has successfully been registered as an event
2018-10-13 21:32:59,955:INFO:discord.client: logging in using static token
2018-10-13 21:33:00,408:DEBUG:discord.http: GET https://discordapp.com/api/v6/users/@me with None has returned 200
2018-10-13 21:33:00,408:DEBUG:discord.http: GET https://discordapp.com/api/v6/users/@me has received {'username': 'test-bot', 'verified': True, 'locale': 'en-US', 'mfa_enabled': False, 'bot': True, 'id': '444918107845165066', 'flags': 0, 'avatar': 'cc0f57409c1f3aef781f8abd77ee6f8b', 'discriminator': '4171', 'email': None}
2018-10-13 21:33:00,430:DEBUG:discord.http: GET https://discordapp.com/api/v6/gateway with None has returned 200
2018-10-13 21:33:00,430:DEBUG:discord.http: GET https://discordapp.com/api/v6/gateway has received {'url': 'wss://gateway.discord.gg'}
2018-10-13 21:33:00,813:INFO:discord.gateway: Created websocket connected to wss://gateway.discord.gg?encoding=json&v=6
2018-10-13 21:33:00,855:DEBUG:discord.client: Dispatching event socket_raw_receive
2018-10-13 21:33:00,855:DEBUG:discord.gateway: WebSocket Event: {'t': None, 's': None, 'op': 10, 'd': {'heartbeat_interval': 41250, '_trace': ['gateway-prd-main-33kl']}}
2018-10-13 21:33:00,855:DEBUG:discord.client: Dispatching event socket_response
2018-10-13 21:33:00,857:INFO:discord.gateway: sent the identify payload to create the websocket
2018-10-13 21:33:01,048:DEBUG:discord.client: Dispatching event socket_raw_receive
2018-10-13 21:33:01,049:DEBUG:discord.gateway: WebSocket Event: {'t': 'READY', 's': 1, 'op': 0, 'd': {'v': 6, 'user_settings': {}, 'user': {'verified': True, 'username': 'test-bot', 'mfa_enabled': False, 'id': '444918107845165066', 'email': None, 'discriminator': '4171', 'bot': True, 'avatar': 'cc0f57409c1f3aef781f8abd77ee6f8b'}, 'session_id': '88a60ce67c3289c4e4b96acf7d387d3b', 'relationships': [], 'private_channels': [], 'presences': [], 'guilds': [{'unavailable': True, 'id': '354605266018369536'}], '_trace': ['gateway-prd-main-33kl', 'discord-sessions-prd-1-1']}}
2018-10-13 21:33:01,049:DEBUG:discord.client: Dispatching event socket_response
2018-10-13 21:33:01,050:DEBUG:discord.client: Dispatching event socket_raw_receive
2018-10-13 21:33:01,052:DEBUG:discord.gateway: WebSocket Event: {'t': 'GUILD_CREATE', 's': 2, 'op': 0, 'd': {'voice_states': [{'user_id': '351756454899744769', 'suppress': False, 'session_id': '01fe3ed9d3b159b3d076e71034b94983', 'self_video': False, 'self_mute': False, 'self_deaf': False, 'mute': False, 'deaf': False, 'channel_id': '375714438986072064'}], 'verification_level': 0, 'unavailable': False, 'system_channel_id': None, 'splash': None, 'roles': [{'position': 0, 'permissions': 37215297, 'name': '@everyone', 'mentionable': False, 'managed': False, 'id': '354605266018369536', 'hoist': False, 'color': 0}, {'position': 4, 'permissions': 1341652039, 'name': 'Mods', 'mentionable': True, 'managed': False, 'id': '374860435553517568', 'hoist': True, 'color': 10038562}, {'position': 5, 'permissions': 2146958591, 'name': 'Owner', 'mentionable': True, 'managed': False, 'id': '374860725392244747', 'hoist': True, 'color': 3447003}, {'position': 3, 'permissions': 470281343, 'name': 'test-bot', 'mentionable': False, 'managed': True, 'id': '444918540353536000', 'hoist': False, 'color': 0}, {'position': 2, 'permissions': 2146958591, 'name': 'Bots', 'mentionable': True, 'managed': False, 'id': '444935650324643842', 'hoist': True, 'color': 3447003}, {'position': 1, 'permissions': 1312283713, 'name': 'tiba', 'mentionable': True, 'managed': False, 'id': '474127557219057684', 'hoist': True, 'color': 16711864}], 'region': 'russia', 'presences': [{'user': {'id': '90791683289022464'}, 'status': 'idle', 'game': None, 'activities': []}, {'user': {'id': '342258769838866442'}, 'status': 'idle', 'game': None, 'activities': []}, {'user': {'id': '351756454899744769'}, 'status': 'online', 'game': {'type': 2, 'timestamps': {'start': 1539455409606, 'end': 1539455611616}, 'sync_id': '39GvWlUAF4Y3qzboUyvBkg', 'state': 'TWICE', 'session_id': '01fe3ed9d3b159b3d076e71034b94983', 'party': {'id': 'spotify:351756454899744769'}, 'name': 'Spotify', 'id': 'spotify:1', 'flags': 48, 'details': 'Candy Pop', 'created_at': 1539455411362, 'assets': {'large_text': 'Candy Pop', 'large_image': 'spotify:ebc421247e260e1a846bd48e05fbfbbae440f339'}}, 'activities': [{'type': 2, 'timestamps': {'start': 1539455409606, 'end': 1539455611616}, 'sync_id': '39GvWlUAF4Y3qzboUyvBkg', 'state': 'TWICE', 'session_id': '01fe3ed9d3b159b3d076e71034b94983', 'party': {'id': 'spotify:351756454899744769'}, 'name': 'Spotify', 'id': 'spotify:1', 'flags': 48, 'details': 'Candy Pop', 'created_at': 1539455411362, 'assets': {'large_text': 'Candy Pop', 'large_image': 'spotify:ebc421247e260e1a846bd48e05fbfbbae440f339'}}, {'type': 0, 'timestamps': {'start': 1539451512442}, 'name': 'Visual Studio Code', 'id': 'bb4b472902e240d2', 'created_at': 1539451514109}]}, {'user': {'id': '444918107845165066'}, 'status': 'online', 'game': None, 'activities': []}], 'owner_id': '351756454899744769', 'name': 'Useful Stuff', 'mfa_level': 0, 'members': [{'user': {'username': 'Piiixxxel', 'id': '351756454899744769', 'discriminator': '9938', 'avatar': '274a65d93ca2e9270b9a861b905eb086'}, 'roles': ['374860725392244747'], 'mute': False, 'joined_at': '2017-09-05T12:34:43.739000+00:00', 'deaf': False}, {'user': {'username': 'Antsku', 'id': '90791683289022464', 'discriminator': '0261', 'avatar': '22cf4fc85d28fed4b84f8774a46d1452'}, 'roles': ['374860435553517568'], 'mute': False, 'joined_at': '2018-02-18T18:01:55.926000+00:00', 'deaf': False}, {'user': {'username': 'Munkkiparoni', 'id': '270273193883861001', 'discriminator': '0951', 'avatar': 'd25423565b662e9070c2dfe9b27430df'}, 'roles': ['374860435553517568'], 'nick': 'Naruto', 'mute': False, 'joined_at': '2017-10-31T07:11:27.284000+00:00', 'deaf': False}, {'user': {'username': 'Sugondese nuts', 'id': '342258769838866442', 'discriminator': '0991', 'avatar': '066a24f5e4eadb31514c66343c8bb6fd'}, 'roles': ['374860435553517568'], 'nick': 'Minami Aizawa', 'mute': False, 'joined_at': '2018-05-29T15:41:36.728000+00:00', 'deaf': False}, {'user': {'username': 'Timoteus', 'id': '345075144517222402', 'discriminator': '4007', 'avatar': '60e8142cfdc38613afbf9fd01d8dc65b'}, 'roles': ['474127557219057684'], 'mute': False, 'joined_at': '2017-09-05T12:35:02.163000+00:00', 'deaf': False}, {'user': {'username': 'Piiixxxel', 'id': '351756454899744769', 'discriminator': '9938', 'avatar': '274a65d93ca2e9270b9a861b905eb086'}, 'roles': ['374860725392244747'], 'mute': False, 'joined_at': '2017-09-05T12:34:43.739000+00:00', 'deaf': False}, {'user': {'username': 'test-bot', 'id': '444918107845165066', 'discriminator': '4171', 'bot': True, 'avatar': 'cc0f57409c1f3aef781f8abd77ee6f8b'}, 'roles': ['444918540353536000', '444935650324643842'], 'nick': 'testbot', 'mute': False, 'joined_at': '2018-05-12T17:47:26.209000+00:00', 'deaf': False}, {'user': {'username': 'PixelTest', 'id': '495637032455110657', 'discriminator': '1382', 'avatar': None}, 'roles': [], 'nick': 'TestAccount', 'mute': False, 'joined_at': '2018-09-29T16:46:11.986000+00:00', 'deaf': False}], 'member_count': 7, 'lazy': True, 'large': False, 'joined_at': '2018-05-12T17:47:26.209000+00:00', 'id': '354605266018369536', 'icon': '274a65d93ca2e9270b9a861b905eb086', 'features': [], 'explicit_content_filter': 0, 'emojis': [{'roles': [], 'require_colons': True, 'name': 'Kappa', 'managed': False, 'id': '379700283434860544', 'animated': False}, {'roles': [], 'require_colons': True, 'name': 'Mindblown', 'managed': False, 'id': '500721321945202705', 'animated': False}], 'default_message_notifications': 0, 'channels': [{'type': 0, 'topic': '', 'rate_limit_per_user': 0, 'position': 0, 'permission_overwrites': [{'type': 'role', 'id': '354605266018369536', 'deny': 457792, 'allow': 0}], 'name': 'welcome', 'last_message_id': '474861461752250378', 'id': '374775990997745664'}, {'type': 0, 'topic': '', 'rate_limit_per_user': 0, 'position': 4, 'permission_overwrites': [{'type': 'role', 'id': '374860435553517568', 'deny': 8192, 'allow': 0}], 'name': 'general', 'last_pin_timestamp': '2018-07-26T10:52:39.081000+00:00', 'last_message_id': '499284828085157888', 'id': '375714294098034688'}, {'user_limit': 0, 'type': 2, 'position': 0, 'permission_overwrites': [], 'parent_id': '500720078233534474', 'nsfw': False, 'name': 'voice', 'id': '375714438986072064', 'bitrate': 64000}, {'type': 0, 'topic': '', 'rate_limit_per_user': 0, 'position': 2, 'permission_overwrites': [{'type': 'role', 'id': '354605266018369536', 'deny': 131072, 'allow': 0}], 'name': 'bot_testing', 'last_message_id': '498871300207542272', 'id': '444920641263501322'}, {'type': 0, 'topic': '', 'rate_limit_per_user': 0, 'position': 1, 'permission_overwrites': [{'type': 'role', 'id': '354605266018369536', 'deny': 805764177, 'allow': 65536}], 'name': 'links', 'last_message_id': '474861461362049045', 'id': '445126328480694274'}, {'type': 0, 'topic': '', 'rate_limit_per_user': 0, 'position': 3, 'permission_overwrites': [], 'name': 'twice', 'last_pin_timestamp': '2018-09-15T18:28:51.642000+00:00', 'last_message_id': '498856160158416907', 'id': '471989666799812618'}, {'type': 0, 'topic': 'Aken stash', 'rate_limit_per_user': 0, 'position': 6, 'permission_overwrites': [], 'parent_id': '495300417916502016', 'nsfw': False, 'name': 'japaneseporn-id', 'last_pin_timestamp': '2018-10-06T15:32:34.831000+00:00', 'last_message_id': '498155618931310602', 'id': '472046952385871872'}, {'type': 0, 'topic': None, 'rate_limit_per_user': 0, 'position': 7, 'permission_overwrites': [], 'parent_id': '495300417916502016', 'nsfw': False, 'name': 'jav-star-names', 'last_message_id': '491940999745110018', 'id': '491940988340928523'}, {'user_limit': 0, 'type': 4, 'position': 0, 'permission_overwrites': [], 'name': 'nsfw', 'id': '495300417916502016', 'bitrate': 64000}, {'type': 0, 'topic': None, 'rate_limit_per_user': 0, 'position': 5, 'permission_overwrites': [], 'parent_id': None, 'nsfw': False, 'name': 'funny-vids', 'last_message_id': '500361716803174420', 'id': '500361344957153310'}, {'type': 0, 'topic': '', 'rate_limit_per_user': 0, 'position': 8, 'permission_overwrites': [], 'parent_id': '500720078233534474', 'nsfw': False, 'name': 'voice', 'last_message_id': '500734889440706574', 'id': '500720050001674240'}, {'type': 4, 'position': 1, 'permission_overwrites': [], 'parent_id': None, 'nsfw': False, 'name': 'voice', 'id': '500720078233534474'}], 'application_id': None, 'afk_timeout': 1800, 'afk_channel_id': None}}
2018-10-13 21:33:01,053:DEBUG:discord.client: Dispatching event socket_response
2018-10-13 21:33:01,054:DEBUG:discord.client: Dispatching event server_available
2018-10-13 21:33:03,056:DEBUG:discord.client: Dispatching event ready
2018-10-13 21:33:29,803:DEBUG:discord.client: Dispatching event socket_raw_receive
2018-10-13 21:33:29,803:DEBUG:discord.gateway: WebSocket Event: {'t': 'PRESENCE_UPDATE', 's': 3, 'op': 0, 'd': {'user': {'id': '351756454899744769'}, 'status': 'online', 'roles': ['374860725392244747'], 'nick': None, 'guild_id': '354605266018369536', 'game': {'type': 2, 'timestamps': {'start': 1539455608295, 'end': 1539455849143}, 'sync_id': '3yHQKddM8SVCRnuPSo3HPN', 'state': 'BLACKPINK', 'session_id': '01fe3ed9d3b159b3d076e71034b94983', 'party': {'id': 'spotify:351756454899744769'}, 'name': 'Spotify', 'id': 'spotify:1', 'flags': 48, 'details': 'BOOMBAYAH', 'created_at': 1539455611271, 'assets': {'large_text': 'SQUARE ONE', 'large_image': 'spotify:119a66360da4b3f446d709b19b4a91b319daaebc'}}, 'activities': [{'type': 2, 'timestamps': {'start': 1539455608295, 'end': 1539455849143}, 'sync_id': '3yHQKddM8SVCRnuPSo3HPN', 'state': 'BLACKPINK', 'session_id': '01fe3ed9d3b159b3d076e71034b94983', 'party': {'id': 'spotify:351756454899744769'}, 'name': 'Spotify', 'id': 'spotify:1', 'flags': 48, 'details': 'BOOMBAYAH', 'created_at': 1539455611271, 'assets': {'large_text': 'SQUARE ONE', 'large_image': 'spotify:119a66360da4b3f446d709b19b4a91b319daaebc'}}, {'type': 0, 'timestamps': {'start': 1539451512442}, 'name': 'Visual Studio Code', 'id': 'bb4b472902e240d2', 'created_at': 1539451514109}]}}
2018-10-13 21:33:29,804:DEBUG:discord.client: Dispatching event socket_response
2018-10-13 21:33:29,804:DEBUG:discord.client: Dispatching event member_update
2018-10-13 21:33:42,107:DEBUG:discord.gateway: Keeping websocket alive with sequence 3
2018-10-13 21:33:42,271:DEBUG:discord.client: Dispatching event socket_raw_receive
2018-10-13 21:33:42,272:DEBUG:discord.gateway: WebSocket Event: {'t': None, 's': None, 'op': 11, 'd': None}
2018-10-13 21:33:42,272:DEBUG:discord.client: Dispatching event socket_response
2018-10-13 21:34:23,359:DEBUG:discord.gateway: Keeping websocket alive with sequence 3
2018-10-13 21:34:23,537:DEBUG:discord.client: Dispatching event socket_raw_receive
2018-10-13 21:34:23,537:DEBUG:discord.gateway: WebSocket Event: {'t': None, 's': None, 'op': 11, 'd': None}
2018-10-13 21:34:23,537:DEBUG:discord.client: Dispatching event socket_response
2018-10-13 21:35:04,612:DEBUG:discord.gateway: Keeping websocket alive with sequence 3
2018-10-13 21:35:04,771:DEBUG:discord.client: Dispatching event socket_raw_receive
2018-10-13 21:35:04,771:DEBUG:discord.gateway: WebSocket Event: {'t': None, 's': None, 'op': 11, 'd': None}
2018-10-13 21:35:04,771:DEBUG:discord.client: Dispatching event socket_response
2018-10-13 21:35:45,864:DEBUG:discord.gateway: Keeping websocket alive with sequence 3
2018-10-13 21:35:46,025:DEBUG:discord.client: Dispatching event socket_raw_receive
2018-10-13 21:35:46,026:DEBUG:discord.gateway: WebSocket Event: {'t': None, 's': None, 'op': 11, 'd': None}
2018-10-13 21:35:46,026:DEBUG:discord.client: Dispatching event socket_response
2018-10-13 21:36:05,685:DEBUG:discord.client: Dispatching event socket_raw_receive
2018-10-13 21:36:05,685:DEBUG:discord.gateway: WebSocket Event: {'t': 'PRESENCE_UPDATE', 's': 4, 'op': 0, 'd': {'user': {'id': '351756454899744769'}, 'status': 'online', 'roles': ['374860725392244747'], 'nick': None, 'guild_id': '354605266018369536', 'game': {'type': 0, 'timestamps': {'start': 1539451512442}, 'name': 'Visual Studio Code', 'id': 'bb4b472902e240d2', 'created_at': 1539451514109}, 'activities': [{'type': 0, 'timestamps': {'start': 1539451512442}, 'name': 'Visual Studio Code', 'id': 'bb4b472902e240d2', 'created_at': 1539451514109}]}}
2018-10-13 21:36:05,685:DEBUG:discord.client: Dispatching event socket_response
2018-10-13 21:36:05,685:DEBUG:discord.client: Dispatching event member_update
2018-10-13 21:36:27,116:DEBUG:discord.gateway: Keeping websocket alive with sequence 4
2018-10-13 21:36:27,274:DEBUG:discord.client: Dispatching event socket_raw_receive
2018-10-13 21:36:27,275:DEBUG:discord.gateway: WebSocket Event: {'t': None, 's': None, 'op': 11, 'd': None}
2018-10-13 21:36:27,275:DEBUG:discord.client: Dispatching event socket_response
2018-10-13 21:37:08,367:DEBUG:discord.gateway: Keeping websocket alive with sequence 4
2018-10-13 21:37:08,531:DEBUG:discord.client: Dispatching event socket_raw_receive
2018-10-13 21:37:08,531:DEBUG:discord.gateway: WebSocket Event: {'t': None, 's': None, 'op': 11, 'd': None}
2018-10-13 21:37:08,531:DEBUG:discord.client: Dispatching event socket_response
2018-10-13 21:37:49,619:DEBUG:discord.gateway: Keeping websocket alive with sequence 4
2018-10-13 21:37:49,778:DEBUG:discord.client: Dispatching event socket_raw_receive
2018-10-13 21:37:49,779:DEBUG:discord.gateway: WebSocket Event: {'t': None, 's': None, 'op': 11, 'd': None}
2018-10-13 21:37:49,779:DEBUG:discord.client: Dispatching event socket_response
2018-10-13 21:38:30,869:DEBUG:discord.gateway: Keeping websocket alive with sequence 4
2018-10-13 21:38:31,028:DEBUG:discord.client: Dispatching event socket_raw_receive
2018-10-13 21:38:31,028:DEBUG:discord.gateway: WebSocket Event: {'t': None, 's': None, 'op': 11, 'd': None}
2018-10-13 21:38:31,028:DEBUG:discord.client: Dispatching event socket_response
2018-10-13 21:39:12,120:DEBUG:discord.gateway: Keeping websocket alive with sequence 4
2018-10-13 21:39:12,281:DEBUG:discord.client: Dispatching event socket_raw_receive
2018-10-13 21:39:12,281:DEBUG:discord.gateway: WebSocket Event: {'t': None, 's': None, 'op': 11, 'd': None}
2018-10-13 21:39:12,281:DEBUG:discord.client: Dispatching event socket_response
2018-10-13 21:39:53,372:DEBUG:discord.gateway: Keeping websocket alive with sequence 4
2018-10-13 21:39:53,555:DEBUG:discord.client: Dispatching event socket_raw_receive
2018-10-13 21:39:53,555:DEBUG:discord.gateway: WebSocket Event: {'t': None, 's': None, 'op': 11, 'd': None}
2018-10-13 21:39:53,555:DEBUG:discord.client: Dispatching event socket_response
2018-10-13 21:40:34,622:DEBUG:discord.gateway: Keeping websocket alive with sequence 4
2018-10-13 21:40:34,783:DEBUG:discord.client: Dispatching event socket_raw_receive
2018-10-13 21:40:34,783:DEBUG:discord.gateway: WebSocket Event: {'t': None, 's': None, 'op': 11, 'd': None}
2018-10-13 21:40:34,783:DEBUG:discord.client: Dispatching event socket_response
